2025-03-31 18:38:15,115 - app_launcher - INFO - Starting application...
2025-03-31 18:38:15,116 - app_launcher - INFO - Importing modules...
2025-03-31 18:38:15,577 - app_launcher - INFO - Importing application modules...
2025-03-31 18:38:15,579 - app_launcher - INFO - Importing main application...
2025-03-31 18:38:15,588 - app_launcher - INFO - Running application...
2025-03-31 18:38:15,589 - app_launcher - INFO - Starting Flask application...
2025-03-31 18:38:15,648 - werkzeug - INFO - [31m[1mWARNING: This is a development server. Do not use it in a production deployment. Use a production WSGI server instead.[0m
 * Running on all addresses (0.0.0.0)
 * Running on http://127.0.0.1:8080
 * Running on http://172.31.128.112:8080
2025-03-31 18:38:15,648 - werkzeug - INFO - [33mPress CTRL+C to quit[0m
2025-03-31 18:38:15,649 - werkzeug - INFO -  * Restarting with stat
2025-03-31 18:38:15,704 - app_launcher - INFO - Starting application...
2025-03-31 18:38:15,704 - app_launcher - INFO - Importing modules...
2025-03-31 18:38:16,149 - app_launcher - INFO - Importing application modules...
2025-03-31 18:38:16,150 - app_launcher - INFO - Importing main application...
2025-03-31 18:38:16,153 - app_launcher - INFO - Running application...
2025-03-31 18:38:16,154 - app_launcher - INFO - Starting Flask application...
2025-03-31 18:38:16,179 - werkzeug - WARNING -  * Debugger is active!
2025-03-31 18:38:16,182 - werkzeug - INFO -  * Debugger PIN: 514-546-479
2025-03-31 18:38:16,287 - werkzeug - INFO - 172.31.128.112 - - [31/Mar/2025 18:38:16] "GET / HTTP/1.1" 200 -
